2022-01-27 23:40:07,596:INFO:PyCaret Supervised Module
2022-01-27 23:40:07,596:INFO:ML Usecase: classification
2022-01-27 23:40:07,597:INFO:version 2.3.6
2022-01-27 23:40:07,598:INFO:Initializing setup()
2022-01-27 23:40:07,598:INFO:setup(display=None, profile_kwargs=None, profile=False, verbose=True, silent=False, log_data=False, log_profile=False, log_plots=False, experiment_name=None, log_experiment=False, session_id=None, html=True, custom_pipeline=None, use_gpu=False, n_jobs=-1, fold_groups=None, fold_shuffle=False, fold=10, fold_strategy=stratifiedkfold, data_split_stratify=True, data_split_shuffle=True, transform_target_method=box-cox, transform_target=False, fix_imbalance_method=None, fix_imbalance=True, interaction_threshold=0.01, feature_ratio=False, feature_interaction=False, feature_selection_method=classic, feature_selection_threshold=0.8, feature_selection=False, group_names=None, group_features=None, polynomial_threshold=0.1, trigonometry_features=False, polynomial_degree=2, polynomial_features=False, cluster_iter=20, create_clusters=False, remove_perfect_collinearity=True, multicollinearity_threshold=0.9, remove_multicollinearity=False, outliers_threshold=0.05, remove_outliers=False, bin_numeric_features=None, rare_level_threshold=0.1, combine_rare_levels=False, ignore_low_variance=False, pca_components=None, pca_method=linear, pca=False, unknown_categorical_method=least_frequent, handle_unknown_categorical=True, transformation_method=yeo-johnson, transformation=False, normalize_method=minmax, normalize=True, ignore_features=None, date_features=None, numeric_iterative_imputer=lightgbm, numeric_imputation=mean, numeric_features=['yearsAtCompany'], high_cardinality_method=frequency, high_cardinality_features=None, ordinal_features=None, categorical_iterative_imputer=lightgbm, categorical_imputation=constant, categorical_features=None, iterative_imputation_iters=5, imputation_type=simple, preprocess=True, test_data=None, train_size=0.7, available_plots={'parameter': 'Hyperparameters', 'auc': 'AUC', 'confusion_matrix': 'Confusion Matrix', 'threshold': 'Threshold', 'pr': 'Precision Recall', 'error': 'Prediction Error', 'class_report': 'Class Report', 'rfe': 'Feature Selection', 'learning': 'Learning Curve', 'manifold': 'Manifold Learning', 'calibration': 'Calibration Curve', 'vc': 'Validation Curve', 'dimension': 'Dimensions', 'feature': 'Feature Importance', 'feature_all': 'Feature Importance (All)', 'boundary': 'Decision Boundary', 'lift': 'Lift Chart', 'gain': 'Gain Chart', 'tree': 'Decision Tree', 'ks': 'KS Statistic Plot'}, ml_usecase=classification, target=turnover)
2022-01-27 23:40:07,599:INFO:Checking environment
2022-01-27 23:40:07,599:INFO:python_version: 3.6.13
2022-01-27 23:40:07,599:INFO:python_build: ('default', 'Mar 16 2021 11:37:27')
2022-01-27 23:40:07,600:INFO:machine: AMD64
2022-01-27 23:40:07,601:INFO:platform: Windows-10-10.0.19041-SP0
2022-01-27 23:40:07,604:WARNING:cannot find psutil installation. memory not traceable. Install psutil using pip to enable memory logging.
2022-01-27 23:40:07,604:INFO:Checking libraries
2022-01-27 23:40:07,604:INFO:pd==1.1.5
2022-01-27 23:40:07,604:INFO:numpy==1.19.5
2022-01-27 23:40:07,605:INFO:sklearn==0.23.2
2022-01-27 23:40:07,605:INFO:lightgbm==3.3.2
2022-01-27 23:40:07,608:WARNING:catboost not found
2022-01-27 23:40:07,610:WARNING:xgboost not found
2022-01-27 23:40:09,218:INFO:mlflow==1.23.0
2022-01-27 23:40:09,219:INFO:Checking Exceptions
2022-01-27 23:40:09,220:INFO:Declaring global variables
2022-01-27 23:40:09,220:INFO:USI: 040d
2022-01-27 23:40:09,220:INFO:pycaret_globals: {'experiment__', 'imputation_regressor', 'n_jobs_param', 'y_test', 'html_param', 'y', 'gpu_param', 'stratify_param', 'create_model_container', 'seed', 'master_model_container', '_all_models_internal', 'fix_imbalance_method_param', 'X_train', 'X', 'fold_shuffle_param', 'exp_name_log', 'iterative_imputation_iters_param', 'data_before_preprocess', 'fix_imbalance_param', 'pycaret_globals', '_ml_usecase', 'y_train', 'imputation_classifier', 'fold_groups_param_full', 'fold_groups_param', '_available_plots', 'fold_generator', '_gpu_n_jobs_param', 'target_param', '_all_metrics', 'fold_param', 'display_container', 'transform_target_method_param', 'X_test', '_internal_pipeline', 'prep_pipe', 'log_plots_param', '_all_models', 'transform_target_param', 'logging_param', 'USI'}
2022-01-27 23:40:09,220:INFO:Preparing display monitor
2022-01-27 23:40:09,221:INFO:Preparing display monitor
2022-01-27 23:40:09,318:INFO:Importing libraries
2022-01-27 23:40:09,319:INFO:Copying data for preprocessing
2022-01-27 23:40:09,359:INFO:Declaring preprocessing parameters
2022-01-27 23:40:09,366:INFO:Creating preprocessing pipeline
2022-01-27 23:40:09,417:INFO:Preprocessing pipeline created successfully
2022-01-27 23:40:09,418:ERROR:(Process Exit): setup has been interupted with user command 'quit'. setup must rerun.
2022-01-27 23:40:09,418:INFO:Creating global containers
2022-01-27 23:40:09,435:INFO:Internal pipeline: Pipeline(memory=None,
         steps=[('fix_imbalance',
                 SMOTE(k_neighbors=5, n_jobs=None, random_state=1528,
                       sampling_strategy='auto'))],
         verbose=False)
2022-01-28 01:14:26,316:WARNING:Couldn't import xgboost.XGBClassifier
2022-01-28 01:14:26,326:WARNING:Couldn't import catboost.CatBoostClassifier
2022-01-28 01:14:26,633:WARNING:Couldn't import xgboost.XGBClassifier
2022-01-28 01:14:26,649:WARNING:Couldn't import catboost.CatBoostClassifier
2022-01-28 01:14:26,649:INFO:Creating grid variables
2022-01-28 01:14:26,758:INFO:create_model_container: 0
2022-01-28 01:14:26,758:INFO:master_model_container: 0
2022-01-28 01:14:26,758:INFO:display_container: 1
2022-01-28 01:14:26,776:INFO:Pipeline(memory=None,
         steps=[('dtypes',
                 DataTypes_Auto_infer(categorical_features=[],
                                      display_types=True, features_todrop=[],
                                      id_columns=[],
                                      ml_usecase='classification',
                                      numerical_features=['yearsAtCompany'],
                                      target='turnover', time_features=[])),
                ('imputer',
                 Simple_Imputer(categorical_strategy='not_available',
                                fill_value_categorical=None,
                                fill_value_numerical=...
                ('P_transform', 'passthrough'), ('binn', 'passthrough'),
                ('rem_outliers', 'passthrough'), ('cluster_all', 'passthrough'),
                ('dummy', Dummify(target='turnover')),
                ('fix_perfect', Remove_100(target='turnover')),
                ('clean_names', Clean_Colum_Names()),
                ('feature_select', 'passthrough'), ('fix_multi', 'passthrough'),
                ('dfs', 'passthrough'), ('pca', 'passthrough')],
         verbose=False)
2022-01-28 01:14:26,777:INFO:setup() succesfully completed......................................
2022-01-28 01:18:03,168:INFO:PyCaret Supervised Module
2022-01-28 01:18:03,169:INFO:ML Usecase: classification
2022-01-28 01:18:03,170:INFO:version 2.3.6
2022-01-28 01:18:03,170:INFO:Initializing setup()
2022-01-28 01:18:03,170:INFO:setup(display=None, profile_kwargs=None, profile=False, verbose=True, silent=False, log_data=False, log_profile=False, log_plots=False, experiment_name=None, log_experiment=False, session_id=None, html=True, custom_pipeline=None, use_gpu=False, n_jobs=-1, fold_groups=None, fold_shuffle=False, fold=10, fold_strategy=stratifiedkfold, data_split_stratify=True, data_split_shuffle=True, transform_target_method=box-cox, transform_target=False, fix_imbalance_method=None, fix_imbalance=True, interaction_threshold=0.01, feature_ratio=False, feature_interaction=False, feature_selection_method=classic, feature_selection_threshold=0.8, feature_selection=False, group_names=None, group_features=None, polynomial_threshold=0.1, trigonometry_features=False, polynomial_degree=2, polynomial_features=False, cluster_iter=20, create_clusters=False, remove_perfect_collinearity=True, multicollinearity_threshold=0.9, remove_multicollinearity=False, outliers_threshold=0.05, remove_outliers=False, bin_numeric_features=None, rare_level_threshold=0.1, combine_rare_levels=False, ignore_low_variance=False, pca_components=None, pca_method=linear, pca=False, unknown_categorical_method=least_frequent, handle_unknown_categorical=True, transformation_method=yeo-johnson, transformation=False, normalize_method=minmax, normalize=True, ignore_features=None, date_features=None, numeric_iterative_imputer=lightgbm, numeric_imputation=mean, numeric_features=['yearsAtCompany'], high_cardinality_method=frequency, high_cardinality_features=None, ordinal_features=None, categorical_iterative_imputer=lightgbm, categorical_imputation=constant, categorical_features=None, iterative_imputation_iters=5, imputation_type=simple, preprocess=True, test_data=None, train_size=0.7, available_plots={'parameter': 'Hyperparameters', 'auc': 'AUC', 'confusion_matrix': 'Confusion Matrix', 'threshold': 'Threshold', 'pr': 'Precision Recall', 'error': 'Prediction Error', 'class_report': 'Class Report', 'rfe': 'Feature Selection', 'learning': 'Learning Curve', 'manifold': 'Manifold Learning', 'calibration': 'Calibration Curve', 'vc': 'Validation Curve', 'dimension': 'Dimensions', 'feature': 'Feature Importance', 'feature_all': 'Feature Importance (All)', 'boundary': 'Decision Boundary', 'lift': 'Lift Chart', 'gain': 'Gain Chart', 'tree': 'Decision Tree', 'ks': 'KS Statistic Plot'}, ml_usecase=classification, target=turnover)
2022-01-28 01:18:03,171:INFO:Checking environment
2022-01-28 01:18:03,171:INFO:python_version: 3.6.13
2022-01-28 01:18:03,172:INFO:python_build: ('default', 'Mar 16 2021 11:37:27')
2022-01-28 01:18:03,172:INFO:machine: AMD64
2022-01-28 01:18:03,172:INFO:platform: Windows-10-10.0.19041-SP0
2022-01-28 01:18:03,176:WARNING:cannot find psutil installation. memory not traceable. Install psutil using pip to enable memory logging.
2022-01-28 01:18:03,176:INFO:Checking libraries
2022-01-28 01:18:03,176:INFO:pd==1.1.5
2022-01-28 01:18:03,176:INFO:numpy==1.19.5
2022-01-28 01:18:03,177:INFO:sklearn==0.23.2
2022-01-28 01:18:03,177:INFO:lightgbm==3.3.2
2022-01-28 01:18:03,180:WARNING:catboost not found
2022-01-28 01:18:03,183:WARNING:xgboost not found
2022-01-28 01:18:03,184:INFO:mlflow==1.23.0
2022-01-28 01:18:03,184:INFO:Checking Exceptions
2022-01-28 01:18:03,184:INFO:Declaring global variables
2022-01-28 01:18:03,185:INFO:USI: 7a4e
2022-01-28 01:18:03,185:INFO:pycaret_globals: {'experiment__', 'imputation_regressor', 'n_jobs_param', 'y_test', 'html_param', 'y', 'gpu_param', 'stratify_param', 'create_model_container', 'seed', 'master_model_container', '_all_models_internal', 'fix_imbalance_method_param', 'X_train', 'X', 'fold_shuffle_param', 'exp_name_log', 'iterative_imputation_iters_param', 'data_before_preprocess', 'fix_imbalance_param', 'pycaret_globals', '_ml_usecase', 'y_train', 'imputation_classifier', 'fold_groups_param_full', 'fold_groups_param', '_available_plots', 'fold_generator', '_gpu_n_jobs_param', 'target_param', '_all_metrics', 'fold_param', 'display_container', 'transform_target_method_param', 'X_test', '_internal_pipeline', 'prep_pipe', 'log_plots_param', '_all_models', 'transform_target_param', 'logging_param', 'USI'}
2022-01-28 01:18:03,185:INFO:Preparing display monitor
2022-01-28 01:18:03,186:INFO:Preparing display monitor
2022-01-28 01:18:03,225:INFO:Importing libraries
2022-01-28 01:18:03,225:INFO:Copying data for preprocessing
2022-01-28 01:18:03,258:INFO:Declaring preprocessing parameters
2022-01-28 01:18:03,264:INFO:Creating preprocessing pipeline
2022-01-28 01:18:03,299:INFO:Preprocessing pipeline created successfully
2022-01-28 01:18:03,300:ERROR:(Process Exit): setup has been interupted with user command 'quit'. setup must rerun.
2022-01-28 01:18:03,300:INFO:Creating global containers
2022-01-28 01:18:03,304:INFO:Internal pipeline: Pipeline(memory=None,
         steps=[('fix_imbalance',
                 SMOTE(k_neighbors=5, n_jobs=None, random_state=1094,
                       sampling_strategy='auto'))],
         verbose=False)
2022-01-28 01:18:11,621:WARNING:Couldn't import xgboost.XGBClassifier
2022-01-28 01:18:11,637:WARNING:Couldn't import catboost.CatBoostClassifier
2022-01-28 01:18:11,929:WARNING:Couldn't import xgboost.XGBClassifier
2022-01-28 01:18:11,929:WARNING:Couldn't import catboost.CatBoostClassifier
2022-01-28 01:18:11,929:INFO:Creating grid variables
2022-01-28 01:18:11,988:INFO:create_model_container: 0
2022-01-28 01:18:11,989:INFO:master_model_container: 0
2022-01-28 01:18:11,989:INFO:display_container: 1
2022-01-28 01:18:12,010:INFO:Pipeline(memory=None,
         steps=[('dtypes',
                 DataTypes_Auto_infer(categorical_features=[],
                                      display_types=True, features_todrop=[],
                                      id_columns=[],
                                      ml_usecase='classification',
                                      numerical_features=['yearsAtCompany'],
                                      target='turnover', time_features=[])),
                ('imputer',
                 Simple_Imputer(categorical_strategy='not_available',
                                fill_value_categorical=None,
                                fill_value_numerical=...
                ('P_transform', 'passthrough'), ('binn', 'passthrough'),
                ('rem_outliers', 'passthrough'), ('cluster_all', 'passthrough'),
                ('dummy', Dummify(target='turnover')),
                ('fix_perfect', Remove_100(target='turnover')),
                ('clean_names', Clean_Colum_Names()),
                ('feature_select', 'passthrough'), ('fix_multi', 'passthrough'),
                ('dfs', 'passthrough'), ('pca', 'passthrough')],
         verbose=False)
2022-01-28 01:18:12,010:INFO:setup() succesfully completed......................................
2022-01-28 01:18:16,578:INFO:Initializing compare_models()
2022-01-28 01:18:16,579:INFO:compare_models(display=None, verbose=True, probability_threshold=None, groups=None, fit_kwargs=None, errors=ignore, turbo=True, budget_time=None, n_select=1, sort=AUC, cross_validation=True, round=4, fold=5, include=None, exclude=None)
2022-01-28 01:18:16,579:INFO:Checking exceptions
2022-01-28 01:18:16,584:INFO:Preparing display monitor
2022-01-28 01:18:16,585:INFO:Preparing display monitor
2022-01-28 01:18:16,733:INFO:Initializing Logistic Regression
2022-01-28 01:18:16,734:INFO:Total runtime is 1.6649564107259113e-05 minutes
2022-01-28 01:18:16,782:INFO:SubProcess create_model() called ==================================
2022-01-28 01:18:16,784:INFO:Initializing create_model()
2022-01-28 01:18:16,784:INFO:create_model(kwargs={}, display=<pycaret.internal.Display.Display object at 0x0000022117D44F28>, probability_threshold=None, add_to_model_list=True, metrics=None, system=False, verbose=False, refit=False, groups=None, fit_kwargs={}, predict=True, cross_validation=True, round=4, fold=StratifiedKFold(n_splits=5, random_state=None, shuffle=False), estimator=lr)
2022-01-28 01:18:16,785:INFO:Checking exceptions
2022-01-28 01:18:16,785:INFO:Importing libraries
2022-01-28 01:18:16,785:INFO:Copying training dataset
2022-01-28 01:18:16,788:INFO:Defining folds
2022-01-28 01:18:16,788:INFO:Declaring metric variables
2022-01-28 01:18:16,828:INFO:Importing untrained model
2022-01-28 01:18:16,874:INFO:Logistic Regression Imported succesfully
2022-01-28 01:18:16,965:INFO:Starting cross validation
2022-01-28 01:18:16,969:INFO:Cross validating with StratifiedKFold(n_splits=5, random_state=None, shuffle=False), n_jobs=-1
2022-01-28 01:18:37,905:INFO:Calculating mean and std
2022-01-28 01:18:37,920:INFO:Creating metrics dataframe
2022-01-28 01:18:37,959:INFO:Uploading results into container
2022-01-28 01:18:37,960:INFO:Uploading model into container now
2022-01-28 01:18:37,960:INFO:create_model_container: 1
2022-01-28 01:18:37,960:INFO:master_model_container: 1
2022-01-28 01:18:37,961:INFO:display_container: 2
2022-01-28 01:18:37,964:INFO:LogisticRegression(C=1.0, class_weight=None, dual=False, fit_intercept=True,
                   intercept_scaling=1, l1_ratio=None, max_iter=1000,
                   multi_class='auto', n_jobs=None, penalty='l2',
                   random_state=1094, solver='lbfgs', tol=0.0001, verbose=0,
                   warm_start=False)
2022-01-28 01:18:37,964:INFO:create_model() succesfully completed......................................
2022-01-28 01:18:38,248:INFO:SubProcess create_model() end ==================================
2022-01-28 01:18:38,249:INFO:Creating metrics dataframe
2022-01-28 01:18:38,322:INFO:Initializing K Neighbors Classifier
2022-01-28 01:18:38,324:INFO:Total runtime is 0.3598520040512085 minutes
2022-01-28 01:18:38,384:INFO:SubProcess create_model() called ==================================
2022-01-28 01:18:38,385:INFO:Initializing create_model()
2022-01-28 01:18:38,386:INFO:create_model(kwargs={}, display=<pycaret.internal.Display.Display object at 0x0000022117D44F28>, probability_threshold=None, add_to_model_list=True, metrics=None, system=False, verbose=False, refit=False, groups=None, fit_kwargs={}, predict=True, cross_validation=True, round=4, fold=StratifiedKFold(n_splits=5, random_state=None, shuffle=False), estimator=knn)
2022-01-28 01:18:38,386:INFO:Checking exceptions
2022-01-28 01:18:38,386:INFO:Importing libraries
2022-01-28 01:18:38,387:INFO:Copying training dataset
2022-01-28 01:18:38,394:INFO:Defining folds
2022-01-28 01:18:38,395:INFO:Declaring metric variables
2022-01-28 01:18:38,441:INFO:Importing untrained model
2022-01-28 01:18:38,495:INFO:K Neighbors Classifier Imported succesfully
2022-01-28 01:18:38,573:INFO:Starting cross validation
2022-01-28 01:18:38,576:INFO:Cross validating with StratifiedKFold(n_splits=5, random_state=None, shuffle=False), n_jobs=-1
2022-01-28 01:18:40,357:INFO:Calculating mean and std
2022-01-28 01:18:40,357:INFO:Creating metrics dataframe
2022-01-28 01:18:40,357:INFO:Uploading results into container
2022-01-28 01:18:40,357:INFO:Uploading model into container now
2022-01-28 01:18:40,357:INFO:create_model_container: 2
2022-01-28 01:18:40,357:INFO:master_model_container: 2
2022-01-28 01:18:40,357:INFO:display_container: 2
2022-01-28 01:18:40,373:INFO:KNeighborsClassifier(algorithm='auto', leaf_size=30, metric='minkowski',
                     metric_params=None, n_jobs=-1, n_neighbors=5, p=2,
                     weights='uniform')
2022-01-28 01:18:40,373:INFO:create_model() succesfully completed......................................
2022-01-28 01:18:40,485:INFO:SubProcess create_model() end ==================================
2022-01-28 01:18:40,485:INFO:Creating metrics dataframe
2022-01-28 01:18:40,548:INFO:Initializing Naive Bayes
2022-01-28 01:18:40,548:INFO:Total runtime is 0.39690819978713987 minutes
2022-01-28 01:18:40,574:INFO:SubProcess create_model() called ==================================
2022-01-28 01:18:40,574:INFO:Initializing create_model()
2022-01-28 01:18:40,575:INFO:create_model(kwargs={}, display=<pycaret.internal.Display.Display object at 0x0000022117D44F28>, probability_threshold=None, add_to_model_list=True, metrics=None, system=False, verbose=False, refit=False, groups=None, fit_kwargs={}, predict=True, cross_validation=True, round=4, fold=StratifiedKFold(n_splits=5, random_state=None, shuffle=False), estimator=nb)
2022-01-28 01:18:40,577:INFO:Checking exceptions
2022-01-28 01:18:40,577:INFO:Importing libraries
2022-01-28 01:18:40,577:INFO:Copying training dataset
2022-01-28 01:18:40,580:INFO:Defining folds
2022-01-28 01:18:40,581:INFO:Declaring metric variables
2022-01-28 01:18:40,605:INFO:Importing untrained model
2022-01-28 01:18:40,636:INFO:Naive Bayes Imported succesfully
2022-01-28 01:18:40,697:INFO:Starting cross validation
2022-01-28 01:18:40,699:INFO:Cross validating with StratifiedKFold(n_splits=5, random_state=None, shuffle=False), n_jobs=-1
2022-01-28 01:18:41,059:INFO:Calculating mean and std
2022-01-28 01:18:41,059:INFO:Creating metrics dataframe
2022-01-28 01:18:41,077:INFO:Uploading results into container
2022-01-28 01:18:41,078:INFO:Uploading model into container now
2022-01-28 01:18:41,078:INFO:create_model_container: 3
2022-01-28 01:18:41,078:INFO:master_model_container: 3
2022-01-28 01:18:41,079:INFO:display_container: 2
2022-01-28 01:18:41,079:INFO:GaussianNB(priors=None, var_smoothing=1e-09)
2022-01-28 01:18:41,080:INFO:create_model() succesfully completed......................................
2022-01-28 01:18:41,201:INFO:SubProcess create_model() end ==================================
2022-01-28 01:18:41,201:INFO:Creating metrics dataframe
2022-01-28 01:18:41,278:INFO:Initializing Decision Tree Classifier
2022-01-28 01:18:41,278:INFO:Total runtime is 0.4090816537539164 minutes
2022-01-28 01:18:41,336:INFO:SubProcess create_model() called ==================================
2022-01-28 01:18:41,338:INFO:Initializing create_model()
2022-01-28 01:18:41,339:INFO:create_model(kwargs={}, display=<pycaret.internal.Display.Display object at 0x0000022117D44F28>, probability_threshold=None, add_to_model_list=True, metrics=None, system=False, verbose=False, refit=False, groups=None, fit_kwargs={}, predict=True, cross_validation=True, round=4, fold=StratifiedKFold(n_splits=5, random_state=None, shuffle=False), estimator=dt)
2022-01-28 01:18:41,339:INFO:Checking exceptions
2022-01-28 01:18:41,339:INFO:Importing libraries
2022-01-28 01:18:41,339:INFO:Copying training dataset
2022-01-28 01:18:41,342:INFO:Defining folds
2022-01-28 01:18:41,343:INFO:Declaring metric variables
2022-01-28 01:18:41,408:INFO:Importing untrained model
2022-01-28 01:18:41,446:INFO:Decision Tree Classifier Imported succesfully
2022-01-28 01:18:41,521:INFO:Starting cross validation
2022-01-28 01:18:41,524:INFO:Cross validating with StratifiedKFold(n_splits=5, random_state=None, shuffle=False), n_jobs=-1
2022-01-28 01:18:42,004:INFO:Calculating mean and std
2022-01-28 01:18:42,004:INFO:Creating metrics dataframe
2022-01-28 01:18:42,024:INFO:Uploading results into container
2022-01-28 01:18:42,024:INFO:Uploading model into container now
2022-01-28 01:18:42,024:INFO:create_model_container: 4
2022-01-28 01:18:42,024:INFO:master_model_container: 4
2022-01-28 01:18:42,024:INFO:display_container: 2
2022-01-28 01:18:42,024:INFO:DecisionTreeClassifier(ccp_alpha=0.0, class_weight=None, criterion='gini',
                       max_depth=None, max_features=None, max_leaf_nodes=None,
                       min_impurity_decrease=0.0, min_impurity_split=None,
                       min_samples_leaf=1, min_samples_split=2,
                       min_weight_fraction_leaf=0.0, presort='deprecated',
                       random_state=1094, splitter='best')
2022-01-28 01:18:42,024:INFO:create_model() succesfully completed......................................
2022-01-28 01:18:42,180:INFO:SubProcess create_model() end ==================================
2022-01-28 01:18:42,180:INFO:Creating metrics dataframe
2022-01-28 01:18:42,251:INFO:Initializing SVM - Linear Kernel
2022-01-28 01:18:42,251:INFO:Total runtime is 0.42529600858688354 minutes
2022-01-28 01:18:42,287:INFO:SubProcess create_model() called ==================================
2022-01-28 01:18:42,288:INFO:Initializing create_model()
2022-01-28 01:18:42,288:INFO:create_model(kwargs={}, display=<pycaret.internal.Display.Display object at 0x0000022117D44F28>, probability_threshold=None, add_to_model_list=True, metrics=None, system=False, verbose=False, refit=False, groups=None, fit_kwargs={}, predict=True, cross_validation=True, round=4, fold=StratifiedKFold(n_splits=5, random_state=None, shuffle=False), estimator=svm)
2022-01-28 01:18:42,289:INFO:Checking exceptions
2022-01-28 01:18:42,289:INFO:Importing libraries
2022-01-28 01:18:42,290:INFO:Copying training dataset
2022-01-28 01:18:42,292:INFO:Defining folds
2022-01-28 01:18:42,293:INFO:Declaring metric variables
2022-01-28 01:18:42,334:INFO:Importing untrained model
2022-01-28 01:18:42,371:INFO:SVM - Linear Kernel Imported succesfully
2022-01-28 01:18:42,441:INFO:Starting cross validation
2022-01-28 01:18:42,444:INFO:Cross validating with StratifiedKFold(n_splits=5, random_state=None, shuffle=False), n_jobs=-1
2022-01-28 01:18:43,751:INFO:Calculating mean and std
2022-01-28 01:18:43,755:INFO:Creating metrics dataframe
2022-01-28 01:18:43,768:INFO:Uploading results into container
2022-01-28 01:18:43,769:INFO:Uploading model into container now
2022-01-28 01:18:43,769:INFO:create_model_container: 5
2022-01-28 01:18:43,769:INFO:master_model_container: 5
2022-01-28 01:18:43,770:INFO:display_container: 2
2022-01-28 01:18:43,771:INFO:SGDClassifier(alpha=0.0001, average=False, class_weight=None,
              early_stopping=False, epsilon=0.1, eta0=0.001, fit_intercept=True,
              l1_ratio=0.15, learning_rate='optimal', loss='hinge',
              max_iter=1000, n_iter_no_change=5, n_jobs=-1, penalty='l2',
              power_t=0.5, random_state=1094, shuffle=True, tol=0.001,
              validation_fraction=0.1, verbose=0, warm_start=False)
2022-01-28 01:18:43,771:INFO:create_model() succesfully completed......................................
2022-01-28 01:18:43,881:INFO:SubProcess create_model() end ==================================
2022-01-28 01:18:43,881:INFO:Creating metrics dataframe
2022-01-28 01:18:43,944:INFO:Initializing Ridge Classifier
2022-01-28 01:18:43,944:INFO:Total runtime is 0.4535143693288167 minutes
2022-01-28 01:18:43,978:INFO:SubProcess create_model() called ==================================
2022-01-28 01:18:43,979:INFO:Initializing create_model()
2022-01-28 01:18:43,979:INFO:create_model(kwargs={}, display=<pycaret.internal.Display.Display object at 0x0000022117D44F28>, probability_threshold=None, add_to_model_list=True, metrics=None, system=False, verbose=False, refit=False, groups=None, fit_kwargs={}, predict=True, cross_validation=True, round=4, fold=StratifiedKFold(n_splits=5, random_state=None, shuffle=False), estimator=ridge)
2022-01-28 01:18:43,980:INFO:Checking exceptions
2022-01-28 01:18:43,980:INFO:Importing libraries
2022-01-28 01:18:43,980:INFO:Copying training dataset
2022-01-28 01:18:43,982:INFO:Defining folds
2022-01-28 01:18:43,983:INFO:Declaring metric variables
2022-01-28 01:18:44,013:INFO:Importing untrained model
2022-01-28 01:18:44,043:INFO:Ridge Classifier Imported succesfully
2022-01-28 01:18:44,109:INFO:Starting cross validation
2022-01-28 01:18:44,113:INFO:Cross validating with StratifiedKFold(n_splits=5, random_state=None, shuffle=False), n_jobs=-1
2022-01-28 01:18:44,398:INFO:Calculating mean and std
2022-01-28 01:18:44,398:INFO:Creating metrics dataframe
2022-01-28 01:18:44,413:INFO:Uploading results into container
2022-01-28 01:18:44,413:INFO:Uploading model into container now
2022-01-28 01:18:44,413:INFO:create_model_container: 6
2022-01-28 01:18:44,413:INFO:master_model_container: 6
2022-01-28 01:18:44,413:INFO:display_container: 2
2022-01-28 01:18:44,413:INFO:RidgeClassifier(alpha=1.0, class_weight=None, copy_X=True, fit_intercept=True,
                max_iter=None, normalize=False, random_state=1094,
                solver='auto', tol=0.001)
2022-01-28 01:18:44,413:INFO:create_model() succesfully completed......................................
2022-01-28 01:18:44,555:INFO:SubProcess create_model() end ==================================
2022-01-28 01:18:44,555:INFO:Creating metrics dataframe
2022-01-28 01:18:44,609:INFO:Initializing Random Forest Classifier
2022-01-28 01:18:44,609:INFO:Total runtime is 0.4646037777264913 minutes
2022-01-28 01:18:44,649:INFO:SubProcess create_model() called ==================================
2022-01-28 01:18:44,651:INFO:Initializing create_model()
2022-01-28 01:18:44,651:INFO:create_model(kwargs={}, display=<pycaret.internal.Display.Display object at 0x0000022117D44F28>, probability_threshold=None, add_to_model_list=True, metrics=None, system=False, verbose=False, refit=False, groups=None, fit_kwargs={}, predict=True, cross_validation=True, round=4, fold=StratifiedKFold(n_splits=5, random_state=None, shuffle=False), estimator=rf)
2022-01-28 01:18:44,652:INFO:Checking exceptions
2022-01-28 01:18:44,653:INFO:Importing libraries
2022-01-28 01:18:44,653:INFO:Copying training dataset
2022-01-28 01:18:44,655:INFO:Defining folds
2022-01-28 01:18:44,655:INFO:Declaring metric variables
2022-01-28 01:18:44,682:INFO:Importing untrained model
2022-01-28 01:18:44,714:INFO:Random Forest Classifier Imported succesfully
2022-01-28 01:18:44,784:INFO:Starting cross validation
2022-01-28 01:18:44,786:INFO:Cross validating with StratifiedKFold(n_splits=5, random_state=None, shuffle=False), n_jobs=-1
2022-01-28 01:18:54,264:INFO:Calculating mean and std
2022-01-28 01:18:54,267:INFO:Creating metrics dataframe
2022-01-28 01:18:54,288:INFO:Uploading results into container
2022-01-28 01:18:54,288:INFO:Uploading model into container now
2022-01-28 01:18:54,289:INFO:create_model_container: 7
2022-01-28 01:18:54,289:INFO:master_model_container: 7
2022-01-28 01:18:54,289:INFO:display_container: 2
2022-01-28 01:18:54,291:INFO:RandomForestClassifier(bootstrap=True, ccp_alpha=0.0, class_weight=None,
                       criterion='gini', max_depth=None, max_features='auto',
                       max_leaf_nodes=None, max_samples=None,
                       min_impurity_decrease=0.0, min_impurity_split=None,
                       min_samples_leaf=1, min_samples_split=2,
                       min_weight_fraction_leaf=0.0, n_estimators=100,
                       n_jobs=-1, oob_score=False, random_state=1094, verbose=0,
                       warm_start=False)
2022-01-28 01:18:54,293:INFO:create_model() succesfully completed......................................
2022-01-28 01:18:54,486:INFO:SubProcess create_model() end ==================================
2022-01-28 01:18:54,487:INFO:Creating metrics dataframe
2022-01-28 01:18:54,559:INFO:Initializing Quadratic Discriminant Analysis
2022-01-28 01:18:54,559:INFO:Total runtime is 0.6304374734560649 minutes
2022-01-28 01:18:54,605:INFO:SubProcess create_model() called ==================================
2022-01-28 01:18:54,607:INFO:Initializing create_model()
2022-01-28 01:18:54,607:INFO:create_model(kwargs={}, display=<pycaret.internal.Display.Display object at 0x0000022117D44F28>, probability_threshold=None, add_to_model_list=True, metrics=None, system=False, verbose=False, refit=False, groups=None, fit_kwargs={}, predict=True, cross_validation=True, round=4, fold=StratifiedKFold(n_splits=5, random_state=None, shuffle=False), estimator=qda)
2022-01-28 01:18:54,608:INFO:Checking exceptions
2022-01-28 01:18:54,609:INFO:Importing libraries
2022-01-28 01:18:54,610:INFO:Copying training dataset
2022-01-28 01:18:54,613:INFO:Defining folds
2022-01-28 01:18:54,614:INFO:Declaring metric variables
2022-01-28 01:18:54,650:INFO:Importing untrained model
2022-01-28 01:18:54,694:INFO:Quadratic Discriminant Analysis Imported succesfully
2022-01-28 01:18:54,763:INFO:Starting cross validation
2022-01-28 01:18:54,765:INFO:Cross validating with StratifiedKFold(n_splits=5, random_state=None, shuffle=False), n_jobs=-1
2022-01-28 01:18:55,151:INFO:Calculating mean and std
2022-01-28 01:18:55,151:INFO:Creating metrics dataframe
2022-01-28 01:18:55,167:INFO:Uploading results into container
2022-01-28 01:18:55,167:INFO:Uploading model into container now
2022-01-28 01:18:55,167:INFO:create_model_container: 8
2022-01-28 01:18:55,167:INFO:master_model_container: 8
2022-01-28 01:18:55,167:INFO:display_container: 2
2022-01-28 01:18:55,167:INFO:QuadraticDiscriminantAnalysis(priors=None, reg_param=0.0,
                              store_covariance=False, tol=0.0001)
2022-01-28 01:18:55,167:INFO:create_model() succesfully completed......................................
2022-01-28 01:18:55,308:INFO:SubProcess create_model() end ==================================
2022-01-28 01:18:55,308:INFO:Creating metrics dataframe
2022-01-28 01:18:55,404:INFO:Initializing Ada Boost Classifier
2022-01-28 01:18:55,404:INFO:Total runtime is 0.6445102731386821 minutes
2022-01-28 01:18:55,443:INFO:SubProcess create_model() called ==================================
2022-01-28 01:18:55,445:INFO:Initializing create_model()
2022-01-28 01:18:55,445:INFO:create_model(kwargs={}, display=<pycaret.internal.Display.Display object at 0x0000022117D44F28>, probability_threshold=None, add_to_model_list=True, metrics=None, system=False, verbose=False, refit=False, groups=None, fit_kwargs={}, predict=True, cross_validation=True, round=4, fold=StratifiedKFold(n_splits=5, random_state=None, shuffle=False), estimator=ada)
2022-01-28 01:18:55,446:INFO:Checking exceptions
2022-01-28 01:18:55,446:INFO:Importing libraries
2022-01-28 01:18:55,446:INFO:Copying training dataset
2022-01-28 01:18:55,449:INFO:Defining folds
2022-01-28 01:18:55,450:INFO:Declaring metric variables
2022-01-28 01:18:55,494:INFO:Importing untrained model
2022-01-28 01:18:55,552:INFO:Ada Boost Classifier Imported succesfully
2022-01-28 01:18:55,655:INFO:Starting cross validation
2022-01-28 01:18:55,657:INFO:Cross validating with StratifiedKFold(n_splits=5, random_state=None, shuffle=False), n_jobs=-1
2022-01-28 01:18:58,178:INFO:Calculating mean and std
2022-01-28 01:18:58,178:INFO:Creating metrics dataframe
2022-01-28 01:18:58,193:INFO:Uploading results into container
2022-01-28 01:18:58,193:INFO:Uploading model into container now
2022-01-28 01:18:58,193:INFO:create_model_container: 9
2022-01-28 01:18:58,193:INFO:master_model_container: 9
2022-01-28 01:18:58,193:INFO:display_container: 2
2022-01-28 01:18:58,193:INFO:AdaBoostClassifier(algorithm='SAMME.R', base_estimator=None, learning_rate=1.0,
                   n_estimators=50, random_state=1094)
2022-01-28 01:18:58,193:INFO:create_model() succesfully completed......................................
2022-01-28 01:18:58,321:INFO:SubProcess create_model() end ==================================
2022-01-28 01:18:58,321:INFO:Creating metrics dataframe
2022-01-28 01:18:58,383:INFO:Initializing Gradient Boosting Classifier
2022-01-28 01:18:58,383:INFO:Total runtime is 0.694166640440623 minutes
2022-01-28 01:18:58,411:INFO:SubProcess create_model() called ==================================
2022-01-28 01:18:58,412:INFO:Initializing create_model()
2022-01-28 01:18:58,412:INFO:create_model(kwargs={}, display=<pycaret.internal.Display.Display object at 0x0000022117D44F28>, probability_threshold=None, add_to_model_list=True, metrics=None, system=False, verbose=False, refit=False, groups=None, fit_kwargs={}, predict=True, cross_validation=True, round=4, fold=StratifiedKFold(n_splits=5, random_state=None, shuffle=False), estimator=gbc)
2022-01-28 01:18:58,414:INFO:Checking exceptions
2022-01-28 01:18:58,414:INFO:Importing libraries
2022-01-28 01:18:58,414:INFO:Copying training dataset
2022-01-28 01:18:58,416:INFO:Defining folds
2022-01-28 01:18:58,417:INFO:Declaring metric variables
2022-01-28 01:18:58,441:INFO:Importing untrained model
2022-01-28 01:18:58,474:INFO:Gradient Boosting Classifier Imported succesfully
2022-01-28 01:18:58,536:INFO:Starting cross validation
2022-01-28 01:18:58,538:INFO:Cross validating with StratifiedKFold(n_splits=5, random_state=None, shuffle=False), n_jobs=-1
2022-01-28 01:19:04,167:INFO:Calculating mean and std
2022-01-28 01:19:04,171:INFO:Creating metrics dataframe
2022-01-28 01:19:04,190:INFO:Uploading results into container
2022-01-28 01:19:04,190:INFO:Uploading model into container now
2022-01-28 01:19:04,195:INFO:create_model_container: 10
2022-01-28 01:19:04,195:INFO:master_model_container: 10
2022-01-28 01:19:04,195:INFO:display_container: 2
2022-01-28 01:19:04,195:INFO:GradientBoostingClassifier(ccp_alpha=0.0, criterion='friedman_mse', init=None,
                           learning_rate=0.1, loss='deviance', max_depth=3,
                           max_features=None, max_leaf_nodes=None,
                           min_impurity_decrease=0.0, min_impurity_split=None,
                           min_samples_leaf=1, min_samples_split=2,
                           min_weight_fraction_leaf=0.0, n_estimators=100,
                           n_iter_no_change=None, presort='deprecated',
                           random_state=1094, subsample=1.0, tol=0.0001,
                           validation_fraction=0.1, verbose=0,
                           warm_start=False)
2022-01-28 01:19:04,195:INFO:create_model() succesfully completed......................................
2022-01-28 01:19:04,385:INFO:SubProcess create_model() end ==================================
2022-01-28 01:19:04,385:INFO:Creating metrics dataframe
2022-01-28 01:19:04,484:INFO:Initializing Linear Discriminant Analysis
2022-01-28 01:19:04,484:INFO:Total runtime is 0.7958439866701763 minutes
2022-01-28 01:19:04,531:INFO:SubProcess create_model() called ==================================
2022-01-28 01:19:04,532:INFO:Initializing create_model()
2022-01-28 01:19:04,533:INFO:create_model(kwargs={}, display=<pycaret.internal.Display.Display object at 0x0000022117D44F28>, probability_threshold=None, add_to_model_list=True, metrics=None, system=False, verbose=False, refit=False, groups=None, fit_kwargs={}, predict=True, cross_validation=True, round=4, fold=StratifiedKFold(n_splits=5, random_state=None, shuffle=False), estimator=lda)
2022-01-28 01:19:04,534:INFO:Checking exceptions
2022-01-28 01:19:04,534:INFO:Importing libraries
2022-01-28 01:19:04,535:INFO:Copying training dataset
2022-01-28 01:19:04,541:INFO:Defining folds
2022-01-28 01:19:04,544:INFO:Declaring metric variables
2022-01-28 01:19:04,591:INFO:Importing untrained model
2022-01-28 01:19:04,639:INFO:Linear Discriminant Analysis Imported succesfully
2022-01-28 01:19:04,722:INFO:Starting cross validation
2022-01-28 01:19:04,725:INFO:Cross validating with StratifiedKFold(n_splits=5, random_state=None, shuffle=False), n_jobs=-1
2022-01-28 01:19:05,190:INFO:Calculating mean and std
2022-01-28 01:19:05,206:INFO:Creating metrics dataframe
2022-01-28 01:19:05,228:INFO:Uploading results into container
2022-01-28 01:19:05,231:INFO:Uploading model into container now
2022-01-28 01:19:05,231:INFO:create_model_container: 11
2022-01-28 01:19:05,231:INFO:master_model_container: 11
2022-01-28 01:19:05,231:INFO:display_container: 2
2022-01-28 01:19:05,231:INFO:LinearDiscriminantAnalysis(n_components=None, priors=None, shrinkage=None,
                           solver='svd', store_covariance=False, tol=0.0001)
2022-01-28 01:19:05,231:INFO:create_model() succesfully completed......................................
2022-01-28 01:19:05,386:INFO:SubProcess create_model() end ==================================
2022-01-28 01:19:05,386:INFO:Creating metrics dataframe
2022-01-28 01:19:05,483:INFO:Initializing Extra Trees Classifier
2022-01-28 01:19:05,483:INFO:Total runtime is 0.8124987483024598 minutes
2022-01-28 01:19:05,526:INFO:SubProcess create_model() called ==================================
2022-01-28 01:19:05,527:INFO:Initializing create_model()
2022-01-28 01:19:05,527:INFO:create_model(kwargs={}, display=<pycaret.internal.Display.Display object at 0x0000022117D44F28>, probability_threshold=None, add_to_model_list=True, metrics=None, system=False, verbose=False, refit=False, groups=None, fit_kwargs={}, predict=True, cross_validation=True, round=4, fold=StratifiedKFold(n_splits=5, random_state=None, shuffle=False), estimator=et)
2022-01-28 01:19:05,528:INFO:Checking exceptions
2022-01-28 01:19:05,528:INFO:Importing libraries
2022-01-28 01:19:05,529:INFO:Copying training dataset
2022-01-28 01:19:05,532:INFO:Defining folds
2022-01-28 01:19:05,532:INFO:Declaring metric variables
2022-01-28 01:19:05,568:INFO:Importing untrained model
2022-01-28 01:19:05,607:INFO:Extra Trees Classifier Imported succesfully
2022-01-28 01:19:05,682:INFO:Starting cross validation
2022-01-28 01:19:05,685:INFO:Cross validating with StratifiedKFold(n_splits=5, random_state=None, shuffle=False), n_jobs=-1
2022-01-28 01:19:14,277:INFO:Calculating mean and std
2022-01-28 01:19:14,277:INFO:Creating metrics dataframe
2022-01-28 01:19:14,313:INFO:Uploading results into container
2022-01-28 01:19:14,313:INFO:Uploading model into container now
2022-01-28 01:19:14,314:INFO:create_model_container: 12
2022-01-28 01:19:14,314:INFO:master_model_container: 12
2022-01-28 01:19:14,314:INFO:display_container: 2
2022-01-28 01:19:14,317:INFO:ExtraTreesClassifier(bootstrap=False, ccp_alpha=0.0, class_weight=None,
                     criterion='gini', max_depth=None, max_features='auto',
                     max_leaf_nodes=None, max_samples=None,
                     min_impurity_decrease=0.0, min_impurity_split=None,
                     min_samples_leaf=1, min_samples_split=2,
                     min_weight_fraction_leaf=0.0, n_estimators=100, n_jobs=-1,
                     oob_score=False, random_state=1094, verbose=0,
                     warm_start=False)
2022-01-28 01:19:14,318:INFO:create_model() succesfully completed......................................
2022-01-28 01:19:14,560:INFO:SubProcess create_model() end ==================================
2022-01-28 01:19:14,560:INFO:Creating metrics dataframe
2022-01-28 01:19:14,644:INFO:Initializing Light Gradient Boosting Machine
2022-01-28 01:19:14,644:INFO:Total runtime is 0.9651862939198813 minutes
2022-01-28 01:19:14,680:INFO:SubProcess create_model() called ==================================
2022-01-28 01:19:14,681:INFO:Initializing create_model()
2022-01-28 01:19:14,681:INFO:create_model(kwargs={}, display=<pycaret.internal.Display.Display object at 0x0000022117D44F28>, probability_threshold=None, add_to_model_list=True, metrics=None, system=False, verbose=False, refit=False, groups=None, fit_kwargs={}, predict=True, cross_validation=True, round=4, fold=StratifiedKFold(n_splits=5, random_state=None, shuffle=False), estimator=lightgbm)
2022-01-28 01:19:14,682:INFO:Checking exceptions
2022-01-28 01:19:14,683:INFO:Importing libraries
2022-01-28 01:19:14,683:INFO:Copying training dataset
2022-01-28 01:19:14,686:INFO:Defining folds
2022-01-28 01:19:14,686:INFO:Declaring metric variables
2022-01-28 01:19:14,708:INFO:Importing untrained model
2022-01-28 01:19:14,746:INFO:Light Gradient Boosting Machine Imported succesfully
2022-01-28 01:19:14,808:INFO:Starting cross validation
2022-01-28 01:19:14,812:INFO:Cross validating with StratifiedKFold(n_splits=5, random_state=None, shuffle=False), n_jobs=-1
2022-01-28 01:19:16,442:INFO:Calculating mean and std
2022-01-28 01:19:16,442:INFO:Creating metrics dataframe
2022-01-28 01:19:16,467:INFO:Uploading results into container
2022-01-28 01:19:16,467:INFO:Uploading model into container now
2022-01-28 01:19:16,468:INFO:create_model_container: 13
2022-01-28 01:19:16,468:INFO:master_model_container: 13
2022-01-28 01:19:16,468:INFO:display_container: 2
2022-01-28 01:19:16,469:INFO:LGBMClassifier(boosting_type='gbdt', class_weight=None, colsample_bytree=1.0,
               importance_type='split', learning_rate=0.1, max_depth=-1,
               min_child_samples=20, min_child_weight=0.001, min_split_gain=0.0,
               n_estimators=100, n_jobs=-1, num_leaves=31, objective=None,
               random_state=1094, reg_alpha=0.0, reg_lambda=0.0, silent='warn',
               subsample=1.0, subsample_for_bin=200000, subsample_freq=0)
2022-01-28 01:19:16,470:INFO:create_model() succesfully completed......................................
2022-01-28 01:19:16,593:INFO:SubProcess create_model() end ==================================
2022-01-28 01:19:16,593:INFO:Creating metrics dataframe
2022-01-28 01:19:16,663:INFO:Initializing Dummy Classifier
2022-01-28 01:19:16,663:INFO:Total runtime is 0.9988406538963319 minutes
2022-01-28 01:19:16,712:INFO:SubProcess create_model() called ==================================
2022-01-28 01:19:16,714:INFO:Initializing create_model()
2022-01-28 01:19:16,714:INFO:create_model(kwargs={}, display=<pycaret.internal.Display.Display object at 0x0000022117D44F28>, probability_threshold=None, add_to_model_list=True, metrics=None, system=False, verbose=False, refit=False, groups=None, fit_kwargs={}, predict=True, cross_validation=True, round=4, fold=StratifiedKFold(n_splits=5, random_state=None, shuffle=False), estimator=dummy)
2022-01-28 01:19:16,715:INFO:Checking exceptions
2022-01-28 01:19:16,715:INFO:Importing libraries
2022-01-28 01:19:16,715:INFO:Copying training dataset
2022-01-28 01:19:16,718:INFO:Defining folds
2022-01-28 01:19:16,719:INFO:Declaring metric variables
2022-01-28 01:19:16,764:INFO:Importing untrained model
2022-01-28 01:19:16,808:INFO:Dummy Classifier Imported succesfully
2022-01-28 01:19:16,913:INFO:Starting cross validation
2022-01-28 01:19:16,916:INFO:Cross validating with StratifiedKFold(n_splits=5, random_state=None, shuffle=False), n_jobs=-1
2022-01-28 01:19:17,351:INFO:Calculating mean and std
2022-01-28 01:19:17,351:INFO:Creating metrics dataframe
2022-01-28 01:19:17,394:INFO:Uploading results into container
2022-01-28 01:19:17,394:INFO:Uploading model into container now
2022-01-28 01:19:17,395:INFO:create_model_container: 14
2022-01-28 01:19:17,395:INFO:master_model_container: 14
2022-01-28 01:19:17,396:INFO:display_container: 2
2022-01-28 01:19:17,396:INFO:DummyClassifier(constant=None, random_state=1094, strategy='prior')
2022-01-28 01:19:17,397:INFO:create_model() succesfully completed......................................
2022-01-28 01:19:17,584:INFO:SubProcess create_model() end ==================================
2022-01-28 01:19:17,584:INFO:Creating metrics dataframe
2022-01-28 01:19:17,808:INFO:Initializing create_model()
2022-01-28 01:19:17,808:INFO:create_model(kwargs={}, display=None, probability_threshold=None, add_to_model_list=True, metrics=None, system=False, verbose=False, refit=True, groups=None, fit_kwargs={}, predict=False, cross_validation=False, round=4, fold=StratifiedKFold(n_splits=5, random_state=None, shuffle=False), estimator=GradientBoostingClassifier(ccp_alpha=0.0, criterion='friedman_mse', init=None,
                           learning_rate=0.1, loss='deviance', max_depth=3,
                           max_features=None, max_leaf_nodes=None,
                           min_impurity_decrease=0.0, min_impurity_split=None,
                           min_samples_leaf=1, min_samples_split=2,
                           min_weight_fraction_leaf=0.0, n_estimators=100,
                           n_iter_no_change=None, presort='deprecated',
                           random_state=1094, subsample=1.0, tol=0.0001,
                           validation_fraction=0.1, verbose=0,
                           warm_start=False))
2022-01-28 01:19:17,809:INFO:Checking exceptions
2022-01-28 01:19:17,810:INFO:Importing libraries
2022-01-28 01:19:17,810:INFO:Copying training dataset
2022-01-28 01:19:17,812:INFO:Defining folds
2022-01-28 01:19:17,812:INFO:Declaring metric variables
2022-01-28 01:19:17,812:INFO:Importing untrained model
2022-01-28 01:19:17,812:INFO:Declaring custom model
2022-01-28 01:19:17,817:INFO:Gradient Boosting Classifier Imported succesfully
2022-01-28 01:19:17,820:INFO:Cross validation set to False
2022-01-28 01:19:17,820:INFO:Fitting Model
2022-01-28 01:19:21,162:INFO:GradientBoostingClassifier(ccp_alpha=0.0, criterion='friedman_mse', init=None,
                           learning_rate=0.1, loss='deviance', max_depth=3,
                           max_features=None, max_leaf_nodes=None,
                           min_impurity_decrease=0.0, min_impurity_split=None,
                           min_samples_leaf=1, min_samples_split=2,
                           min_weight_fraction_leaf=0.0, n_estimators=100,
                           n_iter_no_change=None, presort='deprecated',
                           random_state=1094, subsample=1.0, tol=0.0001,
                           validation_fraction=0.1, verbose=0,
                           warm_start=False)
2022-01-28 01:19:21,162:INFO:create_models() succesfully completed......................................
2022-01-28 01:19:21,540:INFO:create_model_container: 14
2022-01-28 01:19:21,541:INFO:master_model_container: 14
2022-01-28 01:19:21,541:INFO:display_container: 2
2022-01-28 01:19:21,544:INFO:GradientBoostingClassifier(ccp_alpha=0.0, criterion='friedman_mse', init=None,
                           learning_rate=0.1, loss='deviance', max_depth=3,
                           max_features=None, max_leaf_nodes=None,
                           min_impurity_decrease=0.0, min_impurity_split=None,
                           min_samples_leaf=1, min_samples_split=2,
                           min_weight_fraction_leaf=0.0, n_estimators=100,
                           n_iter_no_change=None, presort='deprecated',
                           random_state=1094, subsample=1.0, tol=0.0001,
                           validation_fraction=0.1, verbose=0,
                           warm_start=False)
2022-01-28 01:19:21,544:INFO:compare_models() succesfully completed......................................
2022-01-28 01:20:25,157:INFO:Initializing create_model()
2022-01-28 01:20:25,158:INFO:create_model(kwargs={}, display=None, probability_threshold=None, add_to_model_list=True, metrics=None, system=True, verbose=True, refit=True, groups=None, fit_kwargs=None, predict=True, cross_validation=True, round=4, fold=5, estimator=gbc)
2022-01-28 01:20:25,158:INFO:Checking exceptions
2022-01-28 01:20:25,159:INFO:Preparing display monitor
2022-01-28 01:20:25,230:INFO:Importing libraries
2022-01-28 01:20:25,230:INFO:Copying training dataset
2022-01-28 01:20:25,232:INFO:Defining folds
2022-01-28 01:20:25,233:INFO:Declaring metric variables
2022-01-28 01:20:25,255:INFO:Importing untrained model
2022-01-28 01:20:25,288:INFO:Gradient Boosting Classifier Imported succesfully
2022-01-28 01:20:25,341:INFO:Starting cross validation
2022-01-28 01:20:25,344:INFO:Cross validating with StratifiedKFold(n_splits=5, random_state=None, shuffle=False), n_jobs=-1
2022-01-28 01:20:30,685:INFO:Calculating mean and std
2022-01-28 01:20:30,685:INFO:Creating metrics dataframe
2022-01-28 01:20:30,734:INFO:Finalizing model
2022-01-28 01:20:33,034:INFO:Uploading results into container
2022-01-28 01:20:33,034:INFO:Uploading model into container now
2022-01-28 01:20:33,086:INFO:create_model_container: 15
2022-01-28 01:20:33,087:INFO:master_model_container: 15
2022-01-28 01:20:33,087:INFO:display_container: 3
2022-01-28 01:20:33,090:INFO:GradientBoostingClassifier(ccp_alpha=0.0, criterion='friedman_mse', init=None,
                           learning_rate=0.1, loss='deviance', max_depth=3,
                           max_features=None, max_leaf_nodes=None,
                           min_impurity_decrease=0.0, min_impurity_split=None,
                           min_samples_leaf=1, min_samples_split=2,
                           min_weight_fraction_leaf=0.0, n_estimators=100,
                           n_iter_no_change=None, presort='deprecated',
                           random_state=1094, subsample=1.0, tol=0.0001,
                           validation_fraction=0.1, verbose=0,
                           warm_start=False)
2022-01-28 01:20:33,090:INFO:create_model() succesfully completed......................................
2022-01-28 01:20:46,754:INFO:Initializing tune_model()
2022-01-28 01:20:46,754:INFO:tune_model(kwargs={}, display=None, tuner_verbose=True, verbose=True, return_tuner=False, groups=None, fit_kwargs=None, choose_better=False, early_stopping_max_iters=10, early_stopping=False, search_algorithm=None, search_library=scikit-learn, custom_scorer=None, optimize=AUC, custom_grid={'learning_rate': [0.1, 0.2, 0.5], 'n_estimators': [100, 500, 1000], 'min_samples_split': [1, 2, 5, 10], 'max_depth': [1, 3, 9]}, n_iter=10, round=4, fold=5, estimator=GradientBoostingClassifier(ccp_alpha=0.0, criterion='friedman_mse', init=None,
                           learning_rate=0.1, loss='deviance', max_depth=3,
                           max_features=None, max_leaf_nodes=None,
                           min_impurity_decrease=0.0, min_impurity_split=None,
                           min_samples_leaf=1, min_samples_split=2,
                           min_weight_fraction_leaf=0.0, n_estimators=100,
                           n_iter_no_change=None, presort='deprecated',
                           random_state=1094, subsample=1.0, tol=0.0001,
                           validation_fraction=0.1, verbose=0,
                           warm_start=False))
2022-01-28 01:20:46,755:INFO:Checking exceptions
2022-01-28 01:20:46,760:INFO:Preparing display monitor
2022-01-28 01:20:46,822:INFO:Copying training dataset
2022-01-28 01:20:46,825:INFO:Checking base model
2022-01-28 01:20:46,827:INFO:Base model : Gradient Boosting Classifier
2022-01-28 01:20:46,852:INFO:Declaring metric variables
2022-01-28 01:20:46,878:INFO:Defining Hyperparameters
2022-01-28 01:20:47,027:INFO:custom_grid: {'actual_estimator__learning_rate': [0.1, 0.2, 0.5], 'actual_estimator__n_estimators': [100, 500, 1000], 'actual_estimator__min_samples_split': [1, 2, 5, 10], 'actual_estimator__max_depth': [1, 3, 9]}
2022-01-28 01:20:47,028:INFO:Tuning with n_jobs=-1
2022-01-28 01:20:47,028:INFO:Initializing RandomizedSearchCV
2022-01-28 01:26:50,090:INFO:best_params: {'actual_estimator__n_estimators': 100, 'actual_estimator__min_samples_split': 5, 'actual_estimator__max_depth': 3, 'actual_estimator__learning_rate': 0.5}
2022-01-28 01:26:50,090:INFO:Hyperparameter search completed
2022-01-28 01:26:50,090:INFO:SubProcess create_model() called ==================================
2022-01-28 01:26:50,107:INFO:Initializing create_model()
2022-01-28 01:26:50,108:INFO:create_model(kwargs={'n_estimators': 100, 'min_samples_split': 5, 'max_depth': 3, 'learning_rate': 0.5}, display=<pycaret.internal.Display.Display object at 0x0000022119340668>, probability_threshold=None, add_to_model_list=True, metrics=None, system=False, verbose=True, refit=True, groups=None, fit_kwargs={}, predict=True, cross_validation=True, round=4, fold=StratifiedKFold(n_splits=5, random_state=None, shuffle=False), estimator=GradientBoostingClassifier(ccp_alpha=0.0, criterion='friedman_mse', init=None,
                           learning_rate=0.1, loss='deviance', max_depth=3,
                           max_features=None, max_leaf_nodes=None,
                           min_impurity_decrease=0.0, min_impurity_split=None,
                           min_samples_leaf=1, min_samples_split=2,
                           min_weight_fraction_leaf=0.0, n_estimators=100,
                           n_iter_no_change=None, presort='deprecated',
                           random_state=1094, subsample=1.0, tol=0.0001,
                           validation_fraction=0.1, verbose=0,
                           warm_start=False))
2022-01-28 01:26:50,108:INFO:Checking exceptions
2022-01-28 01:26:50,109:INFO:Importing libraries
2022-01-28 01:26:50,109:INFO:Copying training dataset
2022-01-28 01:26:50,113:INFO:Defining folds
2022-01-28 01:26:50,114:INFO:Declaring metric variables
2022-01-28 01:26:50,155:INFO:Importing untrained model
2022-01-28 01:26:50,155:INFO:Declaring custom model
2022-01-28 01:26:50,196:INFO:Gradient Boosting Classifier Imported succesfully
2022-01-28 01:26:50,254:INFO:Starting cross validation
2022-01-28 01:26:50,257:INFO:Cross validating with StratifiedKFold(n_splits=5, random_state=None, shuffle=False), n_jobs=-1
2022-01-28 01:26:55,429:INFO:Calculating mean and std
2022-01-28 01:26:55,429:INFO:Creating metrics dataframe
2022-01-28 01:26:55,495:INFO:Finalizing model
2022-01-28 01:26:57,809:INFO:Uploading results into container
2022-01-28 01:26:57,809:INFO:Uploading model into container now
2022-01-28 01:26:57,825:INFO:create_model_container: 16
2022-01-28 01:26:57,825:INFO:master_model_container: 16
2022-01-28 01:26:57,825:INFO:display_container: 4
2022-01-28 01:26:57,825:INFO:GradientBoostingClassifier(ccp_alpha=0.0, criterion='friedman_mse', init=None,
                           learning_rate=0.5, loss='deviance', max_depth=3,
                           max_features=None, max_leaf_nodes=None,
                           min_impurity_decrease=0.0, min_impurity_split=None,
                           min_samples_leaf=1, min_samples_split=5,
                           min_weight_fraction_leaf=0.0, n_estimators=100,
                           n_iter_no_change=None, presort='deprecated',
                           random_state=1094, subsample=1.0, tol=0.0001,
                           validation_fraction=0.1, verbose=0,
                           warm_start=False)
2022-01-28 01:26:57,825:INFO:create_model() succesfully completed......................................
2022-01-28 01:26:58,113:INFO:SubProcess create_model() end ==================================
2022-01-28 01:26:58,155:INFO:create_model_container: 16
2022-01-28 01:26:58,155:INFO:master_model_container: 16
2022-01-28 01:26:58,155:INFO:display_container: 4
2022-01-28 01:26:58,171:INFO:GradientBoostingClassifier(ccp_alpha=0.0, criterion='friedman_mse', init=None,
                           learning_rate=0.5, loss='deviance', max_depth=3,
                           max_features=None, max_leaf_nodes=None,
                           min_impurity_decrease=0.0, min_impurity_split=None,
                           min_samples_leaf=1, min_samples_split=5,
                           min_weight_fraction_leaf=0.0, n_estimators=100,
                           n_iter_no_change=None, presort='deprecated',
                           random_state=1094, subsample=1.0, tol=0.0001,
                           validation_fraction=0.1, verbose=0,
                           warm_start=False)
2022-01-28 01:26:58,171:INFO:tune_model() succesfully completed......................................
2022-01-28 01:28:46,013:INFO:Initializing predict_model()
2022-01-28 01:28:46,013:INFO:predict_model(display=None, ml_usecase=MLUsecase.CLASSIFICATION, verbose=True, round=4, raw_score=False, drift_report=False, encoded_labels=False, probability_threshold=None, estimator=GradientBoostingClassifier(ccp_alpha=0.0, criterion='friedman_mse', init=None,
                           learning_rate=0.1, loss='deviance', max_depth=3,
                           max_features=None, max_leaf_nodes=None,
                           min_impurity_decrease=0.0, min_impurity_split=None,
                           min_samples_leaf=1, min_samples_split=2,
                           min_weight_fraction_leaf=0.0, n_estimators=100,
                           n_iter_no_change=None, presort='deprecated',
                           random_state=1094, subsample=1.0, tol=0.0001,
                           validation_fraction=0.1, verbose=0,
                           warm_start=False))
2022-01-28 01:28:46,014:INFO:Checking exceptions
2022-01-28 01:28:46,014:INFO:Preloading libraries
2022-01-28 01:28:46,015:INFO:Preparing display monitor
2022-01-28 01:28:57,952:INFO:Initializing finalize_model()
2022-01-28 01:28:57,953:INFO:finalize_model(display=None, model_only=True, groups=None, fit_kwargs=None, estimator=GradientBoostingClassifier(ccp_alpha=0.0, criterion='friedman_mse', init=None,
                           learning_rate=0.1, loss='deviance', max_depth=3,
                           max_features=None, max_leaf_nodes=None,
                           min_impurity_decrease=0.0, min_impurity_split=None,
                           min_samples_leaf=1, min_samples_split=2,
                           min_weight_fraction_leaf=0.0, n_estimators=100,
                           n_iter_no_change=None, presort='deprecated',
                           random_state=1094, subsample=1.0, tol=0.0001,
                           validation_fraction=0.1, verbose=0,
                           warm_start=False))
2022-01-28 01:28:57,955:INFO:Finalizing GradientBoostingClassifier(ccp_alpha=0.0, criterion='friedman_mse', init=None,
                           learning_rate=0.1, loss='deviance', max_depth=3,
                           max_features=None, max_leaf_nodes=None,
                           min_impurity_decrease=0.0, min_impurity_split=None,
                           min_samples_leaf=1, min_samples_split=2,
                           min_weight_fraction_leaf=0.0, n_estimators=100,
                           n_iter_no_change=None, presort='deprecated',
                           random_state=1094, subsample=1.0, tol=0.0001,
                           validation_fraction=0.1, verbose=0,
                           warm_start=False)
2022-01-28 01:28:57,958:INFO:Initializing create_model()
2022-01-28 01:28:57,958:INFO:create_model(kwargs={}, display=None, probability_threshold=None, add_to_model_list=False, metrics=None, system=False, verbose=False, refit=True, groups=None, fit_kwargs={}, predict=True, cross_validation=True, round=4, fold=None, estimator=GradientBoostingClassifier(ccp_alpha=0.0, criterion='friedman_mse', init=None,
                           learning_rate=0.1, loss='deviance', max_depth=3,
                           max_features=None, max_leaf_nodes=None,
                           min_impurity_decrease=0.0, min_impurity_split=None,
                           min_samples_leaf=1, min_samples_split=2,
                           min_weight_fraction_leaf=0.0, n_estimators=100,
                           n_iter_no_change=None, presort='deprecated',
                           random_state=1094, subsample=1.0, tol=0.0001,
                           validation_fraction=0.1, verbose=0,
                           warm_start=False))
2022-01-28 01:28:57,958:INFO:Checking exceptions
2022-01-28 01:28:57,959:INFO:Importing libraries
2022-01-28 01:28:57,959:INFO:Copying training dataset
2022-01-28 01:28:57,962:INFO:Defining folds
2022-01-28 01:28:57,962:INFO:Declaring metric variables
2022-01-28 01:28:57,962:INFO:Importing untrained model
2022-01-28 01:28:57,963:INFO:Declaring custom model
2022-01-28 01:28:57,967:INFO:Gradient Boosting Classifier Imported succesfully
2022-01-28 01:28:57,967:INFO:Starting cross validation
2022-01-28 01:28:57,970:INFO:Cross validating with StratifiedKFold(n_splits=10, random_state=None, shuffle=False), n_jobs=-1
2022-01-28 01:29:11,482:INFO:Calculating mean and std
2022-01-28 01:29:11,482:INFO:Creating metrics dataframe
2022-01-28 01:29:11,501:INFO:Finalizing model
2022-01-28 01:29:14,864:INFO:create_model_container: 16
2022-01-28 01:29:14,864:INFO:master_model_container: 16
2022-01-28 01:29:14,864:INFO:display_container: 5
2022-01-28 01:29:14,864:INFO:GradientBoostingClassifier(ccp_alpha=0.0, criterion='friedman_mse', init=None,
                           learning_rate=0.1, loss='deviance', max_depth=3,
                           max_features=None, max_leaf_nodes=None,
                           min_impurity_decrease=0.0, min_impurity_split=None,
                           min_samples_leaf=1, min_samples_split=2,
                           min_weight_fraction_leaf=0.0, n_estimators=100,
                           n_iter_no_change=None, presort='deprecated',
                           random_state=1094, subsample=1.0, tol=0.0001,
                           validation_fraction=0.1, verbose=0,
                           warm_start=False)
2022-01-28 01:29:14,864:INFO:create_model() succesfully completed......................................
2022-01-28 01:29:14,999:INFO:create_model_container: 16
2022-01-28 01:29:14,999:INFO:master_model_container: 16
2022-01-28 01:29:14,999:INFO:display_container: 4
2022-01-28 01:29:14,999:INFO:GradientBoostingClassifier(ccp_alpha=0.0, criterion='friedman_mse', init=None,
                           learning_rate=0.1, loss='deviance', max_depth=3,
                           max_features=None, max_leaf_nodes=None,
                           min_impurity_decrease=0.0, min_impurity_split=None,
                           min_samples_leaf=1, min_samples_split=2,
                           min_weight_fraction_leaf=0.0, n_estimators=100,
                           n_iter_no_change=None, presort='deprecated',
                           random_state=1094, subsample=1.0, tol=0.0001,
                           validation_fraction=0.1, verbose=0,
                           warm_start=False)
2022-01-28 01:29:14,999:INFO:finalize_model() succesfully completed......................................
2022-01-28 01:29:17,356:INFO:Initializing save_model()
2022-01-28 01:29:17,356:INFO:save_model(kwargs={}, verbose=True, prep_pipe_=Pipeline(memory=None,
         steps=[('dtypes',
                 DataTypes_Auto_infer(categorical_features=[],
                                      display_types=True, features_todrop=[],
                                      id_columns=[],
                                      ml_usecase='classification',
                                      numerical_features=['yearsAtCompany'],
                                      target='turnover', time_features=[])),
                ('imputer',
                 Simple_Imputer(categorical_strategy='not_available',
                                fill_value_categorical=None,
                                fill_value_numerical=...
                ('P_transform', 'passthrough'), ('binn', 'passthrough'),
                ('rem_outliers', 'passthrough'), ('cluster_all', 'passthrough'),
                ('dummy', Dummify(target='turnover')),
                ('fix_perfect', Remove_100(target='turnover')),
                ('clean_names', Clean_Colum_Names()),
                ('feature_select', 'passthrough'), ('fix_multi', 'passthrough'),
                ('dfs', 'passthrough'), ('pca', 'passthrough')],
         verbose=False), model_name=model, model=GradientBoostingClassifier(ccp_alpha=0.0, criterion='friedman_mse', init=None,
                           learning_rate=0.1, loss='deviance', max_depth=3,
                           max_features=None, max_leaf_nodes=None,
                           min_impurity_decrease=0.0, min_impurity_split=None,
                           min_samples_leaf=1, min_samples_split=2,
                           min_weight_fraction_leaf=0.0, n_estimators=100,
                           n_iter_no_change=None, presort='deprecated',
                           random_state=1094, subsample=1.0, tol=0.0001,
                           validation_fraction=0.1, verbose=0,
                           warm_start=False))
2022-01-28 01:29:17,357:INFO:Adding model into prep_pipe
2022-01-28 01:29:17,393:INFO:model.pkl saved in current working directory
2022-01-28 01:29:17,415:INFO:Pipeline(memory=None,
         steps=[('dtypes',
                 DataTypes_Auto_infer(categorical_features=[],
                                      display_types=True, features_todrop=[],
                                      id_columns=[],
                                      ml_usecase='classification',
                                      numerical_features=['yearsAtCompany'],
                                      target='turnover', time_features=[])),
                ('imputer',
                 Simple_Imputer(categorical_strategy='not_available',
                                fill_value_categorical=None,
                                fill_value_numerical=...
                                            learning_rate=0.1, loss='deviance',
                                            max_depth=3, max_features=None,
                                            max_leaf_nodes=None,
                                            min_impurity_decrease=0.0,
                                            min_impurity_split=None,
                                            min_samples_leaf=1,
                                            min_samples_split=2,
                                            min_weight_fraction_leaf=0.0,
                                            n_estimators=100,
                                            n_iter_no_change=None,
                                            presort='deprecated',
                                            random_state=1094, subsample=1.0,
                                            tol=0.0001, validation_fraction=0.1,
                                            verbose=0, warm_start=False)]],
         verbose=False)
2022-01-28 01:29:17,415:INFO:save_model() successfully completed......................................
